<?xml version="1.0" encoding="UTF-8"?>
<!-- Generated by org.testng.reporters.JUnitReportReporter -->
<testsuite hostname="DESKTOP-SOV88PO" failures="0" tests="2" name="test.SearchTest" time="7.387" errors="0" timestamp="2023-04-28T14:52:59 ART" skipped="0">
  <testcase classname="test.SearchTest" name="checkSearchEmpty" time="3.233"/>
  <system-out/>
  <testcase classname="test.SearchTest" name="checkSearchSuccess" time="4.154"/>
  <system-out/>
</testsuite> <!-- test.SearchTest -->
