<?xml version="1.0" encoding="UTF-8"?>
<!-- Generated by org.testng.reporters.JUnitReportReporter -->
<testsuite hostname="DESKTOP-SOV88PO" failures="0" tests="4" name="test.LoginTest" time="2.596" errors="0" timestamp="2023-04-28T14:52:59 ART" skipped="0">
  <testcase classname="test.LoginTest" name="loginFailureEmptyCredentials" time="0.089"/>
  <system-out/>
  <testcase classname="test.LoginTest" name="loginFailureInvalidPassword" time="2.082"/>
  <system-out/>
  <testcase classname="test.LoginTest" name="loginFailureInvalidUsername" time="0.169"/>
  <system-out/>
  <testcase classname="test.LoginTest" name="loginSuccess" time="0.256"/>
  <system-out/>
</testsuite> <!-- test.LoginTest -->
