<?xml version="1.0" encoding="UTF-8"?>
<!-- Generated by org.testng.reporters.JUnitReportReporter -->
<testsuite hostname="DESKTOP-SOV88PO" failures="0" tests="3" name="test.CheckoutTest" time="5.951" errors="0" timestamp="2023-04-28T14:52:59 ART" skipped="0">
  <testcase classname="test.CheckoutTest" name="validCheckoutFormAlert" time="2.943"/>
  <system-out/>
  <testcase classname="test.CheckoutTest" name="validCartTotal" time="0.114"/>
  <system-out/>
  <testcase classname="test.CheckoutTest" name="validCheckoutSuccess" time="2.894"/>
  <system-out/>
</testsuite> <!-- test.CheckoutTest -->
