<?xml version="1.0" encoding="UTF-8"?>
<!-- Generated by org.testng.reporters.JUnitReportReporter -->
<testsuite hostname="DESKTOP-SOV88PO" failures="0" tests="2" name="test.GridTest" time="3.832" errors="0" timestamp="2023-04-28T14:52:59 ART" skipped="0">
  <testcase classname="test.GridTest" name="checkItemSuperPepperoni" time="3.130"/>
  <system-out/>
  <testcase classname="test.GridTest" name="checkAllItemsCompleted" time="0.702"/>
  <system-out/>
</testsuite> <!-- test.GridTest -->
